<?xml version="1.0" encoding="UTF-8"?>
<!-- Generated by org.testng.reporters.JUnitXMLReporter -->
<testsuite ignored="3" hostname="arunkumar" failures="0" tests="1" name="Grouping.xml" time="7.547" errors="0" timestamp="2024-08-25T22:14:22 IST">
  <testcase classname="testscript.Loginpage_Test" name="verifyValidUsernameAndInvalidPassword" time="0.885"/>
  <testcase classname="testscript.Loginpage_Test" name="verifyInvalidUsernameAndInvalidPassword" time="0.0">
    <ignored/>
  </testcase> <!-- verifyInvalidUsernameAndInvalidPassword -->
  <testcase classname="testscript.Loginpage_Test" name="verifyUserIsAbleToSignInUsingValidCredentials" time="0.0">
    <ignored/>
  </testcase> <!-- verifyUserIsAbleToSignInUsingValidCredentials -->
  <testcase classname="testscript.Loginpage_Test" name="verifyInvalidUsernameAndValidPassword" time="0.0">
    <ignored/>
  </testcase> <!-- verifyInvalidUsernameAndValidPassword -->
</testsuite> <!-- Grouping.xml -->
