<?xml version="1.0" encoding="UTF-8"?>
<!-- Generated by org.testng.reporters.JUnitXMLReporter -->
<testsuite ignored="3" hostname="arunkumar" failures="1" tests="3" name="chaining" time="23.081" errors="0" timestamp="2024-09-03T21:34:40 IST">
  <testcase classname="testscript.Loginpage_Test" name="verifyUserIsAbleToSignInUsingValidCredentials" time="2.779">
    <skipped/>
  </testcase> <!-- verifyUserIsAbleToSignInUsingValidCredentials -->
  <testcase classname="testscript.Loginpage_Test" name="verifyUserIsAbleToSignInUsingValidCredentials" time="0.804">
    <skipped/>
  </testcase> <!-- verifyUserIsAbleToSignInUsingValidCredentials -->
  <testcase classname="testscript.Loginpage_Test" name="verifyUserIsAbleToSignInUsingValidCredentials" time="1.154">
    <failure type="java.lang.NullPointerException" message="Cannot invoke &amp;quot;org.apache.poi.xssf.usermodel.XSSFCell.getStringCellValue()&amp;quot; because &amp;quot;h&amp;quot; is null">
      <![CDATA[java.lang.NullPointerException: Cannot invoke "org.apache.poi.xssf.usermodel.XSSFCell.getStringCellValue()" because "h" is null
at utilities.Excel_Utilities.getStringData(Excel_Utilities.java:30)
at testscript.Loginpage_Test.verifyUserIsAbleToSignInUsingValidCredentials(Loginpage_Test.java:37)
at java.base/java.util.ArrayList.forEach(ArrayList.java:1597)
... Removed 25 stack frames]]>
    </failure>
  </testcase> <!-- verifyUserIsAbleToSignInUsingValidCredentials -->
  <testcase classname="testscript.Loginpage_Test" name="verifyInvalidUsernameAndValidPassword" time="0.0">
    <ignored/>
  </testcase> <!-- verifyInvalidUsernameAndValidPassword -->
  <testcase classname="testscript.Loginpage_Test" name="verifyValidUsernameAndInvalidPassword" time="0.0">
    <ignored/>
  </testcase> <!-- verifyValidUsernameAndInvalidPassword -->
  <testcase classname="testscript.Loginpage_Test" name="verifyInvalidUsernameAndInvalidPassword" time="0.0">
    <ignored/>
  </testcase> <!-- verifyInvalidUsernameAndInvalidPassword -->
</testsuite> <!-- chaining -->
